%!Adobe-FontList 1.18
%Locale:0x40c

%BeginFont
Handler:DirectoryHandler
FontType:TrueType
FontName:ArialMT
FamilyName:Arial
StyleName:Regular
FullName:Arial
MenuName:Arial
StyleBits:0
WritingScript:Roman
OutlineFileName:C:\Users\User\Desktop\Birdies\Dossier maquette\Document fonts\arial.ttf
DataFormat:sfntData
hasSVG:no
FileLength:915212
FileModTime:1468665727
WeightClass:400
WidthClass:5
AngleClass:0
NameArray:0,Mac,4,Arial
NameArray:0,Win,1,Arial
%EndFont

%BeginFont
Handler:DirectoryHandler
FontType:TrueType
FontName:Arial-BoldMT
FamilyName:Arial
StyleName:Bold
FullName:Arial Bold
MenuName:Arial
StyleBits:2
WritingScript:Roman
OutlineFileName:C:\Users\User\Desktop\Birdies\Dossier maquette\Document fonts\arialbd.ttf
DataFormat:sfntData
hasSVG:no
FileLength:864892
FileModTime:1468665727
WeightClass:700
WidthClass:5
AngleClass:0
NameArray:0,Mac,4,Arial Bold
NameArray:0,Win,1,Arial
%EndFont

%BeginFont
Handler:DirectoryHandler
FontType:Type1
FontName:AvenirLTStd-Black
FamilyName:Avenir LT Std
StyleName:95 Black
FullName:Avenir LT Std 95 Black
MenuName:Avenir LT Std 65 Medium
StyleBits:2
WritingScript:Roman
OutlineFileName:C:\Users\User\Desktop\Birdies\Dossier maquette\Document fonts\AvenirLTStd-Black.otf
DataFormat:sfntData
UsesStandardEncoding:yes
isCFF:yes
hasSVG:no
FileLength:27912
FileModTime:1478354691
WeightClass:750
WidthClass:5
AngleClass:0
NameArray:0,Mac,4,Avenir LT Std 95 Black
NameArray:0,Win,1,Avenir LT Std 65 Medium
NameArray:0,Win,16,Avenir LT Std
%EndFont

%BeginFont
Handler:DirectoryHandler
FontType:Type1
FontName:AvenirLTStd-Heavy
FamilyName:Avenir LT Std
StyleName:85 Heavy
FullName:Avenir LT Std 85 Heavy
MenuName:Avenir LT Std 55 Roman
StyleBits:2
WritingScript:Roman
OutlineFileName:C:\Users\User\Desktop\Birdies\Dossier maquette\Document fonts\AvenirLTStd-Heavy.otf
DataFormat:sfntData
UsesStandardEncoding:yes
isCFF:yes
hasSVG:no
FileLength:27640
FileModTime:1478354692
WeightClass:700
WidthClass:5
AngleClass:0
NameArray:0,Mac,4,Avenir LT Std 85 Heavy
NameArray:0,Win,1,Avenir LT Std 55 Roman
NameArray:0,Win,16,Avenir LT Std
%EndFont

%BeginFont
Handler:DirectoryHandler
FontType:Type1
FontName:AvenirLTStd-Light
FamilyName:Avenir LT Std
StyleName:35 Light
FullName:Avenir LT Std 35 Light
MenuName:Avenir LT Std 35 Light
StyleBits:0
WritingScript:Roman
OutlineFileName:C:\Users\User\Desktop\Birdies\Dossier maquette\Document fonts\AvenirLTStd-Light.otf
DataFormat:sfntData
UsesStandardEncoding:yes
isCFF:yes
hasSVG:no
FileLength:27240
FileModTime:1478354692
WeightClass:300
WidthClass:5
AngleClass:0
NameArray:0,Mac,4,Avenir LT Std 35 Light
NameArray:0,Win,1,Avenir LT Std 35 Light
NameArray:0,Win,16,Avenir LT Std
%EndFont

%BeginFont
Handler:DirectoryHandler
FontType:Type1
FontName:AvenirLTStd-Medium
FamilyName:Avenir LT Std
StyleName:65 Medium
FullName:Avenir LT Std 65 Medium
MenuName:Avenir LT Std 65 Medium
StyleBits:0
WritingScript:Roman
OutlineFileName:C:\Users\User\Desktop\Birdies\Dossier maquette\Document fonts\AvenirLTStd-Medium.otf
DataFormat:sfntData
UsesStandardEncoding:yes
isCFF:yes
hasSVG:no
FileLength:27264
FileModTime:1478354692
WeightClass:600
WidthClass:5
AngleClass:0
NameArray:0,Mac,4,Avenir LT Std 65 Medium
NameArray:0,Win,1,Avenir LT Std 65 Medium
NameArray:0,Win,16,Avenir LT Std
%EndFont

%BeginFont
Handler:DirectoryHandler
FontType:Type1
FontName:AvenirLTStd-Roman
FamilyName:Avenir LT Std
StyleName:55 Roman
FullName:Avenir LT Std 55 Roman
MenuName:Avenir LT Std 55 Roman
StyleBits:0
WritingScript:Roman
OutlineFileName:C:\Users\User\Desktop\Birdies\Dossier maquette\Document fonts\AvenirLTStd-Roman.otf
DataFormat:sfntData
UsesStandardEncoding:yes
isCFF:yes
hasSVG:no
FileLength:27176
FileModTime:1478354693
WeightClass:400
WidthClass:5
AngleClass:0
NameArray:0,Mac,4,Avenir LT Std 55 Roman
NameArray:0,Win,1,Avenir LT Std 55 Roman
NameArray:0,Win,16,Avenir LT Std
%EndFont

%BeginFont
Handler:DirectoryHandler
FontType:Type1
FontName:MinionPro-Regular
FamilyName:Minion Pro
StyleName:Regular
FullName:Minion Pro
MenuName:Minion Pro
StyleBits:0
WritingScript:Roman
OutlineFileName:C:\Users\User\Desktop\Birdies\Dossier maquette\Document fonts\MinionPro-Regular.otf
DataFormat:sfntData
UsesStandardEncoding:yes
isCFF:yes
hasSVG:no
FileLength:218640
FileModTime:1361528180
WeightClass:400
WidthClass:5
AngleClass:0
DesignSize:110
NameArray:0,Mac,4,Minion Pro
NameArray:0,Win,1,Minion Pro
%EndFont

